#
# There is insufficient memory for the Java Runtime Environment to continue.
# Native memory allocation (malloc) failed to allocate 1048576 bytes for AllocateHeap
# Possible reasons:
#   The system is out of physical RAM or swap space
#   The process is running with CompressedOops enabled, and the Java Heap may be blocking the growth of the native heap
# Possible solutions:
#   Reduce memory load on the system
#   Increase physical memory or swap space
#   Check if swap backing store is full
#   Decrease Java heap size (-Xmx/-Xms)
#   Decrease number of Java threads
#   Decrease Java thread stack sizes (-Xss)
#   Set larger code cache with -XX:ReservedCodeCacheSize=
#   JVM is running with Zero Based Compressed Oops mode in which the Java heap is
#     placed in the first 32GB address space. The Java Heap base address is the
#     maximum limit for the native heap growth. Please use -XX:HeapBaseMinAddress
#     to set the Java Heap base and to place the Java Heap above 32GB virtual address.
# This output file may be truncated or incomplete.
#
#  Out of Memory Error (allocation.cpp:46), pid=15808, tid=3804
#
# JRE version: OpenJDK Runtime Environment Corretto-11.0.25.9.1 (11.0.25+9) (build 11.0.25+9-LTS)
# Java VM: OpenJDK 64-Bit Server VM Corretto-11.0.25.9.1 (11.0.25+9-LTS, mixed mode, tiered, compressed oops, g1 gc, windows-amd64)
# No core dump will be written. Minidumps are not enabled by default on client versions of Windows
#

---------------  S U M M A R Y ------------

Command Line: -XX:TieredStopAtLevel=1 -Xverify:none -Dspring.output.ansi.enabled=always -Dcom.sun.management.jmxremote -Dspring.jmx.enabled=true -Dspring.liveBeansView.mbeanDomain -Dspring.application.admin.enabled=true -Dmanagement.endpoints.jmx.exposure.include=* -javaagent:E:\IDEA\IntelliJ IDEA 2023.2.3\lib\idea_rt.jar=12393:E:\IDEA\IntelliJ IDEA 2023.2.3\bin -Dfile.encoding=UTF-8 com.advisor.Demo1Application

Host: Intel(R) Core(TM) i5-10210U CPU @ 1.60GHz, 8 cores, 11G,  Windows 11 , 64 bit Build 22621 (10.0.22621.5124)
Time: Wed Apr 16 18:46:35 2025  Windows 11 , 64 bit Build 22621 (10.0.22621.5124) elapsed time: 674.906330 seconds (0d 0h 11m 14s)

---------------  T H R E A D  ---------------

Current thread (0x0000019027486800):  VMThread "VM Thread" [stack: 0x00000089c9800000,0x00000089c9900000] [id=3804]

Stack: [0x00000089c9800000,0x00000089c9900000]
[error occurred during error reporting (printing stack bounds), id 0xc0000005, EXCEPTION_ACCESS_VIOLATION (0xc0000005) at pc=0x000001900de2112d]

Native frames: (J=compiled Java code, j=interpreted, Vv=VM code, C=native code)
V  [jvm.dll+0x64644a]
V  [jvm.dll+0x7daca9]
V  [jvm.dll+0x7dc3a9]
V  [jvm.dll+0x7dc9f5]
V  [jvm.dll+0x7dc9ab]
V  [jvm.dll+0x645755]
V  [jvm.dll+0x645e58]
C  [ntdll.dll+0xa547f]
C  [ntdll.dll+0x1e886]
C  [ntdll.dll+0xa447e]
C  0x000001900de2112d

VM_Operation (0x00000089cc0f8060): CollectForMetadataAllocation, mode: safepoint, requested by thread 0x000001902b750800


---------------  P R O C E S S  ---------------

Threads class SMR info:
_java_thread_list=0x0000019029263cd0, length=32, elements={
0x0000019027489800, 0x00000190274c0800, 0x0000019027527800, 0x0000019027528800,
0x0000019027529800, 0x000001902752e800, 0x000001902752f800, 0x000001902766b800,
0x0000019027c80000, 0x0000019027e28000, 0x0000019029108800, 0x0000019029a2a800,
0x00000190299c4000, 0x000001902ae13800, 0x000001902b21d800, 0x000001902b21a000,
0x000001902b21c800, 0x000001902b21e800, 0x000001902b219800, 0x000001902b21f000,
0x000001902b220000, 0x000001902b21b000, 0x000001902b21c000, 0x000001902b752800,
0x000001902b751000, 0x000001902b756000, 0x000001902b750800, 0x000001902b754800,
0x000001902b755000, 0x000001902b757000, 0x000001902b752000, 0x000001902b753800
}

Java Threads: ( => current thread )
  0x0000019027489800 JavaThread "Reference Handler" daemon [_thread_blocked, id=19488, stack(0x00000089c9900000,0x00000089c9a00000)]
  0x00000190274c0800 JavaThread "Finalizer" daemon [_thread_blocked, id=2816, stack(0x00000089c9a00000,0x00000089c9b00000)]
  0x0000019027527800 JavaThread "Signal Dispatcher" daemon [_thread_blocked, id=3996, stack(0x00000089c9b00000,0x00000089c9c00000)]
  0x0000019027528800 JavaThread "Attach Listener" daemon [_thread_blocked, id=22388, stack(0x00000089c9c00000,0x00000089c9d00000)]
  0x0000019027529800 JavaThread "Service Thread" daemon [_thread_blocked, id=23372, stack(0x00000089c9d00000,0x00000089c9e00000)]
  0x000001902752e800 JavaThread "C1 CompilerThread0" daemon [_thread_blocked, id=1944, stack(0x00000089c9e00000,0x00000089c9f00000)]
  0x000001902752f800 JavaThread "Sweeper thread" daemon [_thread_blocked, id=13152, stack(0x00000089c9f00000,0x00000089ca000000)]
  0x000001902766b800 JavaThread "Common-Cleaner" daemon [_thread_blocked, id=15304, stack(0x00000089ca000000,0x00000089ca100000)]
  0x0000019027c80000 JavaThread "Monitor Ctrl-Break" daemon [_thread_in_native, id=8204, stack(0x00000089ca100000,0x00000089ca200000)]
  0x0000019027e28000 JavaThread "RMI TCP Accept-0" daemon [_thread_in_native, id=18704, stack(0x00000089ca200000,0x00000089ca300000)]
  0x0000019029108800 JavaThread "RMI Scheduler(0)" daemon [_thread_blocked, id=21208, stack(0x00000089cb000000,0x00000089cb100000)]
  0x0000019029a2a800 JavaThread "Catalina-utility-1" [_thread_blocked, id=24604, stack(0x00000089cb100000,0x00000089cb200000)]
  0x00000190299c4000 JavaThread "Catalina-utility-2" [_thread_blocked, id=20760, stack(0x00000089cb200000,0x00000089cb300000)]
  0x000001902ae13800 JavaThread "container-0" [_thread_blocked, id=13448, stack(0x00000089cb300000,0x00000089cb400000)]
  0x000001902b21d800 JavaThread "mysql-cj-abandoned-connection-cleanup" daemon [_thread_blocked, id=20224, stack(0x00000089cb400000,0x00000089cb500000)]
  0x000001902b21a000 JavaThread "Live Reload Server" daemon [_thread_in_native, id=8940, stack(0x00000089cb600000,0x00000089cb700000)]
  0x000001902b21c800 JavaThread "File Watcher" daemon [_thread_blocked, id=22160, stack(0x00000089cb500000,0x00000089cb600000)]
  0x000001902b21e800 JavaThread "http-nio-0.0.0.0-9000-exec-1" daemon [_thread_blocked, id=23224, stack(0x00000089cb700000,0x00000089cb800000)]
  0x000001902b219800 JavaThread "http-nio-0.0.0.0-9000-exec-2" daemon [_thread_blocked, id=5332, stack(0x00000089cb800000,0x00000089cb900000)]
  0x000001902b21f000 JavaThread "http-nio-0.0.0.0-9000-exec-3" daemon [_thread_blocked, id=14596, stack(0x00000089cb900000,0x00000089cba00000)]
  0x000001902b220000 JavaThread "http-nio-0.0.0.0-9000-exec-4" daemon [_thread_blocked, id=7664, stack(0x00000089cba00000,0x00000089cbb00000)]
  0x000001902b21b000 JavaThread "http-nio-0.0.0.0-9000-exec-5" daemon [_thread_blocked, id=19444, stack(0x00000089cbb00000,0x00000089cbc00000)]
  0x000001902b21c000 JavaThread "http-nio-0.0.0.0-9000-exec-6" daemon [_thread_blocked, id=14768, stack(0x00000089cbc00000,0x00000089cbd00000)]
  0x000001902b752800 JavaThread "http-nio-0.0.0.0-9000-exec-7" daemon [_thread_blocked, id=18104, stack(0x00000089cbd00000,0x00000089cbe00000)]
  0x000001902b751000 JavaThread "http-nio-0.0.0.0-9000-exec-8" daemon [_thread_blocked, id=21592, stack(0x00000089cbe00000,0x00000089cbf00000)]
  0x000001902b756000 JavaThread "http-nio-0.0.0.0-9000-exec-9" daemon [_thread_blocked, id=19040, stack(0x00000089cbf00000,0x00000089cc000000)]
  0x000001902b750800 JavaThread "http-nio-0.0.0.0-9000-exec-10" daemon [_thread_blocked, id=18648, stack(0x00000089cc000000,0x00000089cc100000)]
  0x000001902b754800 JavaThread "http-nio-0.0.0.0-9000-Poller" daemon [_thread_in_native, id=23248, stack(0x00000089cc100000,0x00000089cc200000)]
  0x000001902b755000 JavaThread "http-nio-0.0.0.0-9000-Acceptor" daemon [_thread_in_native, id=25328, stack(0x00000089cc200000,0x00000089cc300000)]
  0x000001902b757000 JavaThread "scheduling-1" [_thread_blocked, id=23692, stack(0x00000089cc300000,0x00000089cc400000)]
  0x000001902b752000 JavaThread "HikariPool-1 housekeeper" daemon [_thread_blocked, id=1864, stack(0x00000089cc500000,0x00000089cc600000)]
  0x000001902b753800 JavaThread "DestroyJavaVM" [_thread_blocked, id=22616, stack(0x00000089c9200000,0x00000089c9300000)]

Other Threads:
=>0x0000019027486800 VMThread "VM Thread" [stack: 0x00000089c9800000,0x00000089c9900000] [id=3804]
  0x0000019027e76800 WatcherThread [stack: 0x00000089ca300000,0x00000089ca400000] [id=3716]
  0x00000190056b6000 GCTaskThread "GC Thread#0" [stack: 0x00000089c9300000,0x00000089c9400000] [id=11204]
  0x0000019028cae000 GCTaskThread "GC Thread#1" [stack: 0x00000089ca400000,0x00000089ca500000] [id=11588]
  0x0000019028c99800 GCTaskThread "GC Thread#2" [stack: 0x00000089ca500000,0x00000089ca600000] [id=6384]
  0x0000019028cb7000 GCTaskThread "GC Thread#3" [stack: 0x00000089ca600000,0x00000089ca700000] [id=1308]
  0x0000019028d42000 GCTaskThread "GC Thread#4" [stack: 0x00000089caa00000,0x00000089cab00000] [id=23252]
  0x0000019028d2f000 GCTaskThread "GC Thread#5" [stack: 0x00000089cab00000,0x00000089cac00000] [id=24540]
  0x0000019028fc7800 GCTaskThread "GC Thread#6" [stack: 0x00000089cad00000,0x00000089cae00000] [id=23888]
  0x0000019028fa3000 GCTaskThread "GC Thread#7" [stack: 0x00000089cae00000,0x00000089caf00000] [id=7612]
  0x00000190056fc000 ConcurrentGCThread "G1 Main Marker" [stack: 0x00000089c9400000,0x00000089c9500000] [id=24088]
  0x00000190056fd800 ConcurrentGCThread "G1 Conc#0" [stack: 0x00000089c9500000,0x00000089c9600000] [id=21704]
  0x0000019028ed9800 ConcurrentGCThread "G1 Conc#1" [stack: 0x00000089caf00000,0x00000089cb000000] [id=17736]
  0x0000019026af0800 ConcurrentGCThread "G1 Refine#0" [stack: 0x00000089c9600000,0x00000089c9700000] [id=11068]
  0x000001902785d800 ConcurrentGCThread "G1 Refine#1" [stack: 0x00000089ca700000,0x00000089ca800000] [id=25452]
  0x0000019026af1800 ConcurrentGCThread "G1 Young RemSet Sampling" [stack: 0x00000089c9700000,0x00000089c9800000] [id=10896]

Threads with active compile tasks:

VM state:at safepoint (normal execution)

VM Mutex/Monitor currently owned by a thread:  ([mutex/lock_event])
[0x000001900569a0e0] Threads_lock - owner thread: 0x0000019027486800
[0x000001900569a170] Heap_lock - owner thread: 0x000001902b750800

Heap address: 0x0000000742800000, size: 3032 MB, Compressed Oops mode: Zero based, Oop shift amount: 3
Narrow klass base: 0x0000000800000000, Narrow klass shift: 0
Compressed class space size: 1073741824 Address: 0x0000000800000000

Heap:
 garbage-first heap   total 233472K, used 44114K [0x0000000742800000, 0x0000000800000000)
  region size 1024K, 8 young (8192K), 8 survivors (8192K)
 Metaspace       used 65086K, capacity 67628K, committed 67752K, reserved 1116160K
  class space    used 8031K, capacity 9062K, committed 9172K, reserved 1048576K
Heap Regions: E=young(eden), S=young(survivor), O=old, HS=humongous(starts), HC=humongous(continues), CS=collection set, F=free, A=archive, TAMS=top-at-mark-start (previous, next)
|   0|0x0000000742800000, 0x0000000742900000, 0x0000000742900000|100%| O|  |TAMS 0x0000000742900000, 0x0000000742900000| Untracked 
|   1|0x0000000742900000, 0x0000000742a00000, 0x0000000742a00000|100%| O|  |TAMS 0x0000000742a00000, 0x0000000742a00000| Untracked 
|   2|0x0000000742a00000, 0x0000000742b00000, 0x0000000742b00000|100%| O|  |TAMS 0x0000000742b00000, 0x0000000742b00000| Untracked 
|   3|0x0000000742b00000, 0x0000000742c00000, 0x0000000742c00000|100%| O|  |TAMS 0x0000000742c00000, 0x0000000742c00000| Untracked 
|   4|0x0000000742c00000, 0x0000000742d00000, 0x0000000742d00000|100%| O|  |TAMS 0x0000000742d00000, 0x0000000742d00000| Untracked 
|   5|0x0000000742d00000, 0x0000000742e00000, 0x0000000742e00000|100%| O|  |TAMS 0x0000000742e00000, 0x0000000742e00000| Untracked 
|   6|0x0000000742e00000, 0x0000000742f00000, 0x0000000742f00000|100%| O|  |TAMS 0x0000000742f00000, 0x0000000742f00000| Untracked 
|   7|0x0000000742f00000, 0x0000000743000000, 0x0000000743000000|100%| O|  |TAMS 0x0000000743000000, 0x0000000743000000| Untracked 
|   8|0x0000000743000000, 0x0000000743100000, 0x0000000743100000|100%| O|  |TAMS 0x0000000743100000, 0x0000000743100000| Untracked 
|   9|0x0000000743100000, 0x0000000743200000, 0x0000000743200000|100%| O|  |TAMS 0x0000000743200000, 0x0000000743200000| Untracked 
|  10|0x0000000743200000, 0x0000000743300000, 0x0000000743300000|100%| O|  |TAMS 0x0000000743300000, 0x0000000743300000| Untracked 
|  11|0x0000000743300000, 0x0000000743400000, 0x0000000743400000|100%| O|  |TAMS 0x0000000743400000, 0x0000000743400000| Untracked 
|  12|0x0000000743400000, 0x0000000743500000, 0x0000000743500000|100%| O|  |TAMS 0x0000000743500000, 0x0000000743500000| Untracked 
|  13|0x0000000743500000, 0x0000000743600000, 0x0000000743600000|100%| O|  |TAMS 0x0000000743600000, 0x0000000743600000| Untracked 
|  14|0x0000000743600000, 0x0000000743700000, 0x0000000743700000|100%| O|  |TAMS 0x0000000743700000, 0x0000000743700000| Untracked 
|  15|0x0000000743700000, 0x0000000743800000, 0x0000000743800000|100%| O|  |TAMS 0x0000000743800000, 0x0000000743800000| Untracked 
|  16|0x0000000743800000, 0x0000000743900000, 0x0000000743900000|100%| O|  |TAMS 0x0000000743900000, 0x0000000743900000| Untracked 
|  17|0x0000000743900000, 0x0000000743a00000, 0x0000000743a00000|100%| O|  |TAMS 0x0000000743a00000, 0x0000000743a00000| Untracked 
|  18|0x0000000743a00000, 0x0000000743b00000, 0x0000000743b00000|100%| O|  |TAMS 0x0000000743b00000, 0x0000000743b00000| Untracked 
|  19|0x0000000743b00000, 0x0000000743c00000, 0x0000000743c00000|100%| O|  |TAMS 0x0000000743c00000, 0x0000000743c00000| Untracked 
|  20|0x0000000743c00000, 0x0000000743d00000, 0x0000000743d00000|100%| O|  |TAMS 0x0000000743d00000, 0x0000000743d00000| Untracked 
|  21|0x0000000743d00000, 0x0000000743e00000, 0x0000000743e00000|100%| O|  |TAMS 0x0000000743e00000, 0x0000000743e00000| Untracked 
|  22|0x0000000743e00000, 0x0000000743f00000, 0x0000000743f00000|100%| O|  |TAMS 0x0000000743f00000, 0x0000000743f00000| Untracked 
|  23|0x0000000743f00000, 0x0000000744000000, 0x0000000744000000|100%| O|  |TAMS 0x0000000744000000, 0x0000000744000000| Untracked 
|  24|0x0000000744000000, 0x0000000744100000, 0x0000000744100000|100%| O|  |TAMS 0x0000000744100000, 0x0000000744100000| Untracked 
|  25|0x0000000744100000, 0x0000000744200000, 0x0000000744200000|100%| O|  |TAMS 0x0000000744200000, 0x0000000744200000| Untracked 
|  26|0x0000000744200000, 0x0000000744300000, 0x0000000744300000|100%| O|  |TAMS 0x0000000744300000, 0x0000000744300000| Untracked 
|  27|0x0000000744300000, 0x0000000744400000, 0x0000000744400000|100%| O|  |TAMS 0x0000000744400000, 0x0000000744400000| Untracked 
|  28|0x0000000744400000, 0x0000000744500000, 0x0000000744500000|100%| O|  |TAMS 0x0000000744500000, 0x0000000744500000| Untracked 
|  29|0x0000000744500000, 0x0000000744600000, 0x0000000744600000|100%| O|  |TAMS 0x0000000744600000, 0x0000000744600000| Untracked 
|  30|0x0000000744600000, 0x0000000744700000, 0x0000000744700000|100%| O|  |TAMS 0x0000000744700000, 0x0000000744700000| Untracked 
|  31|0x0000000744700000, 0x0000000744800000, 0x0000000744800000|100%| O|  |TAMS 0x0000000744725600, 0x0000000744800000| Untracked 
|  32|0x0000000744800000, 0x0000000744900000, 0x0000000744900000|100%| O|  |TAMS 0x0000000744800000, 0x0000000744900000| Untracked 
|  33|0x0000000744900000, 0x0000000744a00000, 0x0000000744a00000|100%| O|  |TAMS 0x0000000744900000, 0x0000000744a00000| Untracked 
|  34|0x0000000744a00000, 0x0000000744b00000, 0x0000000744b00000|100%| O|  |TAMS 0x0000000744a00000, 0x0000000744b00000| Untracked 
|  35|0x0000000744b00000, 0x0000000744b14800, 0x0000000744c00000|  8%| O|  |TAMS 0x0000000744b00000, 0x0000000744b14800| Untracked 
|  36|0x0000000744c00000, 0x0000000744c00000, 0x0000000744d00000|  0%| F|  |TAMS 0x0000000744c00000, 0x0000000744c00000| Untracked 
|  37|0x0000000744d00000, 0x0000000744d00000, 0x0000000744e00000|  0%| F|  |TAMS 0x0000000744d00000, 0x0000000744d00000| Untracked 
|  38|0x0000000744e00000, 0x0000000744e00000, 0x0000000744f00000|  0%| F|  |TAMS 0x0000000744e00000, 0x0000000744e00000| Untracked 
|  39|0x0000000744f00000, 0x0000000744f00000, 0x0000000745000000|  0%| F|  |TAMS 0x0000000744f00000, 0x0000000744f00000| Untracked 
|  40|0x0000000745000000, 0x0000000745000000, 0x0000000745100000|  0%| F|  |TAMS 0x0000000745000000, 0x0000000745000000| Untracked 
|  41|0x0000000745100000, 0x0000000745100000, 0x0000000745200000|  0%| F|  |TAMS 0x0000000745100000, 0x0000000745100000| Untracked 
|  42|0x0000000745200000, 0x0000000745200000, 0x0000000745300000|  0%| F|  |TAMS 0x0000000745200000, 0x0000000745200000| Untracked 
|  43|0x0000000745300000, 0x0000000745300000, 0x0000000745400000|  0%| F|  |TAMS 0x0000000745300000, 0x0000000745300000| Untracked 
|  44|0x0000000745400000, 0x0000000745400000, 0x0000000745500000|  0%| F|  |TAMS 0x0000000745400000, 0x0000000745400000| Untracked 
|  45|0x0000000745500000, 0x0000000745500000, 0x0000000745600000|  0%| F|  |TAMS 0x0000000745500000, 0x0000000745500000| Untracked 
|  46|0x0000000745600000, 0x0000000745600000, 0x0000000745700000|  0%| F|  |TAMS 0x0000000745600000, 0x0000000745600000| Untracked 
|  47|0x0000000745700000, 0x0000000745700000, 0x0000000745800000|  0%| F|  |TAMS 0x0000000745700000, 0x0000000745700000| Untracked 
|  48|0x0000000745800000, 0x0000000745800000, 0x0000000745900000|  0%| F|  |TAMS 0x0000000745800000, 0x0000000745800000| Untracked 
|  49|0x0000000745900000, 0x0000000745900000, 0x0000000745a00000|  0%| F|  |TAMS 0x0000000745900000, 0x0000000745900000| Untracked 
|  50|0x0000000745a00000, 0x0000000745a00000, 0x0000000745b00000|  0%| F|  |TAMS 0x0000000745a00000, 0x0000000745a00000| Untracked 
|  51|0x0000000745b00000, 0x0000000745b00000, 0x0000000745c00000|  0%| F|  |TAMS 0x0000000745b00000, 0x0000000745b00000| Untracked 
|  52|0x0000000745c00000, 0x0000000745c00000, 0x0000000745d00000|  0%| F|  |TAMS 0x0000000745c00000, 0x0000000745c00000| Untracked 
|  53|0x0000000745d00000, 0x0000000745d00000, 0x0000000745e00000|  0%| F|  |TAMS 0x0000000745d00000, 0x0000000745d00000| Untracked 
|  54|0x0000000745e00000, 0x0000000745e00000, 0x0000000745f00000|  0%| F|  |TAMS 0x0000000745e00000, 0x0000000745e00000| Untracked 
|  55|0x0000000745f00000, 0x0000000745f00000, 0x0000000746000000|  0%| F|  |TAMS 0x0000000745f00000, 0x0000000745f00000| Untracked 
|  56|0x0000000746000000, 0x0000000746000000, 0x0000000746100000|  0%| F|  |TAMS 0x0000000746000000, 0x0000000746000000| Untracked 
|  57|0x0000000746100000, 0x0000000746100000, 0x0000000746200000|  0%| F|  |TAMS 0x0000000746100000, 0x0000000746100000| Untracked 
|  58|0x0000000746200000, 0x0000000746200000, 0x0000000746300000|  0%| F|  |TAMS 0x0000000746200000, 0x0000000746200000| Untracked 
|  59|0x0000000746300000, 0x0000000746300000, 0x0000000746400000|  0%| F|  |TAMS 0x0000000746300000, 0x0000000746300000| Untracked 
|  60|0x0000000746400000, 0x0000000746400000, 0x0000000746500000|  0%| F|  |TAMS 0x0000000746400000, 0x0000000746400000| Untracked 
|  61|0x0000000746500000, 0x0000000746500000, 0x0000000746600000|  0%| F|  |TAMS 0x0000000746500000, 0x0000000746500000| Untracked 
|  62|0x0000000746600000, 0x0000000746600000, 0x0000000746700000|  0%| F|  |TAMS 0x0000000746600000, 0x0000000746600000| Untracked 
|  63|0x0000000746700000, 0x0000000746700000, 0x0000000746800000|  0%| F|  |TAMS 0x0000000746700000, 0x0000000746700000| Untracked 
|  64|0x0000000746800000, 0x0000000746800000, 0x0000000746900000|  0%| F|  |TAMS 0x0000000746800000, 0x0000000746800000| Untracked 
|  65|0x0000000746900000, 0x0000000746900000, 0x0000000746a00000|  0%| F|  |TAMS 0x0000000746900000, 0x0000000746900000| Untracked 
|  66|0x0000000746a00000, 0x0000000746a00000, 0x0000000746b00000|  0%| F|  |TAMS 0x0000000746a00000, 0x0000000746a00000| Untracked 
|  67|0x0000000746b00000, 0x0000000746b00000, 0x0000000746c00000|  0%| F|  |TAMS 0x0000000746b00000, 0x0000000746b00000| Untracked 
|  68|0x0000000746c00000, 0x0000000746c00000, 0x0000000746d00000|  0%| F|  |TAMS 0x0000000746c00000, 0x0000000746c00000| Untracked 
|  69|0x0000000746d00000, 0x0000000746d00000, 0x0000000746e00000|  0%| F|  |TAMS 0x0000000746d00000, 0x0000000746d00000| Untracked 
|  70|0x0000000746e00000, 0x0000000746e00000, 0x0000000746f00000|  0%| F|  |TAMS 0x0000000746e00000, 0x0000000746e00000| Untracked 
|  71|0x0000000746f00000, 0x0000000746f00000, 0x0000000747000000|  0%| F|  |TAMS 0x0000000746f00000, 0x0000000746f00000| Untracked 
|  72|0x0000000747000000, 0x0000000747000000, 0x0000000747100000|  0%| F|  |TAMS 0x0000000747000000, 0x0000000747000000| Untracked 
|  73|0x0000000747100000, 0x0000000747100000, 0x0000000747200000|  0%| F|  |TAMS 0x0000000747100000, 0x0000000747100000| Untracked 
|  74|0x0000000747200000, 0x0000000747200000, 0x0000000747300000|  0%| F|  |TAMS 0x0000000747200000, 0x0000000747200000| Untracked 
|  75|0x0000000747300000, 0x0000000747300000, 0x0000000747400000|  0%| F|  |TAMS 0x0000000747300000, 0x0000000747300000| Untracked 
|  76|0x0000000747400000, 0x0000000747400000, 0x0000000747500000|  0%| F|  |TAMS 0x0000000747400000, 0x0000000747400000| Untracked 
|  77|0x0000000747500000, 0x0000000747500000, 0x0000000747600000|  0%| F|  |TAMS 0x0000000747500000, 0x0000000747500000| Untracked 
|  78|0x0000000747600000, 0x0000000747600000, 0x0000000747700000|  0%| F|  |TAMS 0x0000000747600000, 0x0000000747600000| Untracked 
|  79|0x0000000747700000, 0x0000000747700000, 0x0000000747800000|  0%| F|  |TAMS 0x0000000747700000, 0x0000000747700000| Untracked 
|  80|0x0000000747800000, 0x0000000747800000, 0x0000000747900000|  0%| F|  |TAMS 0x0000000747800000, 0x0000000747800000| Untracked 
|  81|0x0000000747900000, 0x0000000747900000, 0x0000000747a00000|  0%| F|  |TAMS 0x0000000747900000, 0x0000000747900000| Untracked 
|  82|0x0000000747a00000, 0x0000000747a00000, 0x0000000747b00000|  0%| F|  |TAMS 0x0000000747a00000, 0x0000000747a00000| Untracked 
|  83|0x0000000747b00000, 0x0000000747b00000, 0x0000000747c00000|  0%| F|  |TAMS 0x0000000747b00000, 0x0000000747b00000| Untracked 
|  84|0x0000000747c00000, 0x0000000747c00000, 0x0000000747d00000|  0%| F|  |TAMS 0x0000000747c00000, 0x0000000747c00000| Untracked 
|  85|0x0000000747d00000, 0x0000000747d00000, 0x0000000747e00000|  0%| F|  |TAMS 0x0000000747d00000, 0x0000000747d00000| Untracked 
|  86|0x0000000747e00000, 0x0000000747e00000, 0x0000000747f00000|  0%| F|  |TAMS 0x0000000747e00000, 0x0000000747e00000| Untracked 
|  87|0x0000000747f00000, 0x0000000747f00000, 0x0000000748000000|  0%| F|  |TAMS 0x0000000747f00000, 0x0000000747f00000| Untracked 
|  88|0x0000000748000000, 0x0000000748000000, 0x0000000748100000|  0%| F|  |TAMS 0x0000000748000000, 0x0000000748000000| Untracked 
|  89|0x0000000748100000, 0x0000000748100000, 0x0000000748200000|  0%| F|  |TAMS 0x0000000748100000, 0x0000000748100000| Untracked 
|  90|0x0000000748200000, 0x0000000748200000, 0x0000000748300000|  0%| F|  |TAMS 0x0000000748200000, 0x0000000748200000| Untracked 
|  91|0x0000000748300000, 0x0000000748300000, 0x0000000748400000|  0%| F|  |TAMS 0x0000000748300000, 0x0000000748300000| Untracked 
|  92|0x0000000748400000, 0x0000000748400000, 0x0000000748500000|  0%| F|  |TAMS 0x0000000748400000, 0x0000000748400000| Untracked 
|  93|0x0000000748500000, 0x0000000748500000, 0x0000000748600000|  0%| F|  |TAMS 0x0000000748500000, 0x0000000748500000| Untracked 
|  94|0x0000000748600000, 0x0000000748600000, 0x0000000748700000|  0%| F|  |TAMS 0x0000000748600000, 0x0000000748600000| Untracked 
|  95|0x0000000748700000, 0x0000000748700000, 0x0000000748800000|  0%| F|  |TAMS 0x0000000748700000, 0x0000000748700000| Untracked 
|  96|0x0000000748800000, 0x0000000748800000, 0x0000000748900000|  0%| F|  |TAMS 0x0000000748800000, 0x0000000748800000| Untracked 
|  97|0x0000000748900000, 0x0000000748900000, 0x0000000748a00000|  0%| F|  |TAMS 0x0000000748900000, 0x0000000748900000| Untracked 
|  98|0x0000000748a00000, 0x0000000748a00000, 0x0000000748b00000|  0%| F|  |TAMS 0x0000000748a00000, 0x0000000748a00000| Untracked 
|  99|0x0000000748b00000, 0x0000000748b00000, 0x0000000748c00000|  0%| F|  |TAMS 0x0000000748b00000, 0x0000000748b00000| Untracked 
| 100|0x0000000748c00000, 0x0000000748d00000, 0x0000000748d00000|100%| S|CS|TAMS 0x0000000748c00000, 0x0000000748c00000| Complete 
| 101|0x0000000748d00000, 0x0000000748e00000, 0x0000000748e00000|100%| S|CS|TAMS 0x0000000748d00000, 0x0000000748d00000| Complete 
| 102|0x0000000748e00000, 0x0000000748f00000, 0x0000000748f00000|100%| S|CS|TAMS 0x0000000748e00000, 0x0000000748e00000| Complete 
| 103|0x0000000748f00000, 0x0000000749000000, 0x0000000749000000|100%| S|CS|TAMS 0x0000000748f00000, 0x0000000748f00000| Complete 
| 104|0x0000000749000000, 0x0000000749100000, 0x0000000749100000|100%| S|CS|TAMS 0x0000000749000000, 0x0000000749000000| Complete 
| 105|0x0000000749100000, 0x0000000749200000, 0x0000000749200000|100%| S|CS|TAMS 0x0000000749100000, 0x0000000749100000| Complete 
| 106|0x0000000749200000, 0x0000000749300000, 0x0000000749300000|100%| S|CS|TAMS 0x0000000749200000, 0x0000000749200000| Complete 
| 107|0x0000000749300000, 0x0000000749400000, 0x0000000749400000|100%| S|CS|TAMS 0x0000000749300000, 0x0000000749300000| Complete 
| 108|0x0000000749400000, 0x0000000749400000, 0x0000000749500000|  0%| F|  |TAMS 0x0000000749400000, 0x0000000749400000| Untracked 
| 109|0x0000000749500000, 0x0000000749500000, 0x0000000749600000|  0%| F|  |TAMS 0x0000000749500000, 0x0000000749500000| Untracked 
| 110|0x0000000749600000, 0x0000000749600000, 0x0000000749700000|  0%| F|  |TAMS 0x0000000749600000, 0x0000000749600000| Untracked 
| 111|0x0000000749700000, 0x0000000749700000, 0x0000000749800000|  0%| F|  |TAMS 0x0000000749700000, 0x0000000749700000| Untracked 
| 112|0x0000000749800000, 0x0000000749800000, 0x0000000749900000|  0%| F|  |TAMS 0x0000000749800000, 0x0000000749800000| Untracked 
| 113|0x0000000749900000, 0x0000000749900000, 0x0000000749a00000|  0%| F|  |TAMS 0x0000000749900000, 0x0000000749900000| Untracked 
| 114|0x0000000749a00000, 0x0000000749a00000, 0x0000000749b00000|  0%| F|  |TAMS 0x0000000749a00000, 0x0000000749a00000| Untracked 
| 115|0x0000000749b00000, 0x0000000749b00000, 0x0000000749c00000|  0%| F|  |TAMS 0x0000000749b00000, 0x0000000749b00000| Untracked 
| 116|0x0000000749c00000, 0x0000000749c00000, 0x0000000749d00000|  0%| F|  |TAMS 0x0000000749c00000, 0x0000000749c00000| Untracked 
| 117|0x0000000749d00000, 0x0000000749d00000, 0x0000000749e00000|  0%| F|  |TAMS 0x0000000749d00000, 0x0000000749d00000| Untracked 
| 118|0x0000000749e00000, 0x0000000749e00000, 0x0000000749f00000|  0%| F|  |TAMS 0x0000000749e00000, 0x0000000749e00000| Untracked 
| 119|0x0000000749f00000, 0x0000000749f00000, 0x000000074a000000|  0%| F|  |TAMS 0x0000000749f00000, 0x0000000749f00000| Untracked 
| 120|0x000000074a000000, 0x000000074a000000, 0x000000074a100000|  0%| F|  |TAMS 0x000000074a000000, 0x000000074a000000| Untracked 
| 121|0x000000074a100000, 0x000000074a100000, 0x000000074a200000|  0%| F|  |TAMS 0x000000074a100000, 0x000000074a100000| Untracked 
| 122|0x000000074a200000, 0x000000074a200000, 0x000000074a300000|  0%| F|  |TAMS 0x000000074a200000, 0x000000074a200000| Untracked 
| 123|0x000000074a300000, 0x000000074a300000, 0x000000074a400000|  0%| F|  |TAMS 0x000000074a300000, 0x000000074a300000| Untracked 
| 124|0x000000074a400000, 0x000000074a400000, 0x000000074a500000|  0%| F|  |TAMS 0x000000074a400000, 0x000000074a400000| Untracked 
| 125|0x000000074a500000, 0x000000074a500000, 0x000000074a600000|  0%| F|  |TAMS 0x000000074a500000, 0x000000074a500000| Untracked 
| 126|0x000000074a600000, 0x000000074a600000, 0x000000074a700000|  0%| F|  |TAMS 0x000000074a600000, 0x000000074a600000| Untracked 
| 127|0x000000074a700000, 0x000000074a700000, 0x000000074a800000|  0%| F|  |TAMS 0x000000074a700000, 0x000000074a700000| Untracked 
| 128|0x000000074a800000, 0x000000074a800000, 0x000000074a900000|  0%| F|  |TAMS 0x000000074a800000, 0x000000074a800000| Untracked 
| 129|0x000000074a900000, 0x000000074a900000, 0x000000074aa00000|  0%| F|  |TAMS 0x000000074a900000, 0x000000074a900000| Untracked 
| 130|0x000000074aa00000, 0x000000074aa00000, 0x000000074ab00000|  0%| F|  |TAMS 0x000000074aa00000, 0x000000074aa00000| Untracked 
| 131|0x000000074ab00000, 0x000000074ab00000, 0x000000074ac00000|  0%| F|  |TAMS 0x000000074ab00000, 0x000000074ab00000| Untracked 
| 132|0x000000074ac00000, 0x000000074ac00000, 0x000000074ad00000|  0%| F|  |TAMS 0x000000074ac00000, 0x000000074ac00000| Untracked 
| 133|0x000000074ad00000, 0x000000074ad00000, 0x000000074ae00000|  0%| F|  |TAMS 0x000000074ad00000, 0x000000074ad00000| Untracked 
| 134|0x000000074ae00000, 0x000000074ae00000, 0x000000074af00000|  0%| F|  |TAMS 0x000000074ae00000, 0x000000074ae00000| Untracked 
| 135|0x000000074af00000, 0x000000074af00000, 0x000000074b000000|  0%| F|  |TAMS 0x000000074af00000, 0x000000074af00000| Untracked 
| 136|0x000000074b000000, 0x000000074b000000, 0x000000074b100000|  0%| F|  |TAMS 0x000000074b000000, 0x000000074b000000| Untracked 
| 137|0x000000074b100000, 0x000000074b100000, 0x000000074b200000|  0%| F|  |TAMS 0x000000074b100000, 0x000000074b100000| Untracked 
| 138|0x000000074b200000, 0x000000074b200000, 0x000000074b300000|  0%| F|  |TAMS 0x000000074b200000, 0x000000074b200000| Untracked 
| 139|0x000000074b300000, 0x000000074b300000, 0x000000074b400000|  0%| F|  |TAMS 0x000000074b300000, 0x000000074b300000| Untracked 
| 140|0x000000074b400000, 0x000000074b400000, 0x000000074b500000|  0%| F|  |TAMS 0x000000074b400000, 0x000000074b400000| Untracked 
| 141|0x000000074b500000, 0x000000074b500000, 0x000000074b600000|  0%| F|  |TAMS 0x000000074b500000, 0x000000074b500000| Untracked 
| 142|0x000000074b600000, 0x000000074b600000, 0x000000074b700000|  0%| F|  |TAMS 0x000000074b600000, 0x000000074b600000| Untracked 
| 143|0x000000074b700000, 0x000000074b700000, 0x000000074b800000|  0%| F|  |TAMS 0x000000074b700000, 0x000000074b700000| Untracked 
| 144|0x000000074b800000, 0x000000074b800000, 0x000000074b900000|  0%| F|  |TAMS 0x000000074b800000, 0x000000074b800000| Untracked 
| 145|0x000000074b900000, 0x000000074b900000, 0x000000074ba00000|  0%| F|  |TAMS 0x000000074b900000, 0x000000074b900000| Untracked 
| 146|0x000000074ba00000, 0x000000074ba00000, 0x000000074bb00000|  0%| F|  |TAMS 0x000000074ba00000, 0x000000074ba00000| Untracked 
| 147|0x000000074bb00000, 0x000000074bb00000, 0x000000074bc00000|  0%| F|  |TAMS 0x000000074bb00000, 0x000000074bb00000| Untracked 
| 148|0x000000074bc00000, 0x000000074bc00000, 0x000000074bd00000|  0%| F|  |TAMS 0x000000074bc00000, 0x000000074bc00000| Untracked 
| 149|0x000000074bd00000, 0x000000074bd00000, 0x000000074be00000|  0%| F|  |TAMS 0x000000074bd00000, 0x000000074bd00000| Untracked 
| 150|0x000000074be00000, 0x000000074be00000, 0x000000074bf00000|  0%| F|  |TAMS 0x000000074be00000, 0x000000074be00000| Untracked 
| 151|0x000000074bf00000, 0x000000074bf00000, 0x000000074c000000|  0%| F|  |TAMS 0x000000074bf00000, 0x000000074bf00000| Untracked 
| 152|0x000000074c000000, 0x000000074c000000, 0x000000074c100000|  0%| F|  |TAMS 0x000000074c000000, 0x000000074c000000| Untracked 
| 153|0x000000074c100000, 0x000000074c100000, 0x000000074c200000|  0%| F|  |TAMS 0x000000074c100000, 0x000000074c100000| Untracked 
| 154|0x000000074c200000, 0x000000074c200000, 0x000000074c300000|  0%| F|  |TAMS 0x000000074c200000, 0x000000074c200000| Untracked 
| 155|0x000000074c300000, 0x000000074c300000, 0x000000074c400000|  0%| F|  |TAMS 0x000000074c300000, 0x000000074c300000| Untracked 
| 156|0x000000074c400000, 0x000000074c400000, 0x000000074c500000|  0%| F|  |TAMS 0x000000074c400000, 0x000000074c400000| Untracked 
| 157|0x000000074c500000, 0x000000074c500000, 0x000000074c600000|  0%| F|  |TAMS 0x000000074c500000, 0x000000074c500000| Untracked 
| 158|0x000000074c600000, 0x000000074c600000, 0x000000074c700000|  0%| F|  |TAMS 0x000000074c600000, 0x000000074c600000| Untracked 
| 159|0x000000074c700000, 0x000000074c700000, 0x000000074c800000|  0%| F|  |TAMS 0x000000074c700000, 0x000000074c700000| Untracked 
| 160|0x000000074c800000, 0x000000074c800000, 0x000000074c900000|  0%| F|  |TAMS 0x000000074c800000, 0x000000074c800000| Untracked 
| 161|0x000000074c900000, 0x000000074c900000, 0x000000074ca00000|  0%| F|  |TAMS 0x000000074c900000, 0x000000074c900000| Untracked 
| 162|0x000000074ca00000, 0x000000074ca00000, 0x000000074cb00000|  0%| F|  |TAMS 0x000000074ca00000, 0x000000074ca00000| Untracked 
| 163|0x000000074cb00000, 0x000000074cb00000, 0x000000074cc00000|  0%| F|  |TAMS 0x000000074cb00000, 0x000000074cb00000| Untracked 
| 164|0x000000074cc00000, 0x000000074cc00000, 0x000000074cd00000|  0%| F|  |TAMS 0x000000074cc00000, 0x000000074cc00000| Untracked 
| 165|0x000000074cd00000, 0x000000074cd00000, 0x000000074ce00000|  0%| F|  |TAMS 0x000000074cd00000, 0x000000074cd00000| Untracked 
| 166|0x000000074ce00000, 0x000000074ce00000, 0x000000074cf00000|  0%| F|  |TAMS 0x000000074ce00000, 0x000000074ce00000| Untracked 
| 167|0x000000074cf00000, 0x000000074cf00000, 0x000000074d000000|  0%| F|  |TAMS 0x000000074cf00000, 0x000000074cf00000| Untracked 
| 168|0x000000074d000000, 0x000000074d000000, 0x000000074d100000|  0%| F|  |TAMS 0x000000074d000000, 0x000000074d000000| Untracked 
| 169|0x000000074d100000, 0x000000074d100000, 0x000000074d200000|  0%| F|  |TAMS 0x000000074d100000, 0x000000074d100000| Untracked 
| 170|0x000000074d200000, 0x000000074d200000, 0x000000074d300000|  0%| F|  |TAMS 0x000000074d200000, 0x000000074d200000| Untracked 
| 171|0x000000074d300000, 0x000000074d300000, 0x000000074d400000|  0%| F|  |TAMS 0x000000074d300000, 0x000000074d300000| Untracked 
| 172|0x000000074d400000, 0x000000074d400000, 0x000000074d500000|  0%| F|  |TAMS 0x000000074d400000, 0x000000074d400000| Untracked 
| 173|0x000000074d500000, 0x000000074d500000, 0x000000074d600000|  0%| F|  |TAMS 0x000000074d500000, 0x000000074d500000| Untracked 
| 174|0x000000074d600000, 0x000000074d600000, 0x000000074d700000|  0%| F|  |TAMS 0x000000074d600000, 0x000000074d600000| Untracked 
| 175|0x000000074d700000, 0x000000074d700000, 0x000000074d800000|  0%| F|  |TAMS 0x000000074d700000, 0x000000074d700000| Untracked 
| 176|0x000000074d800000, 0x000000074d800000, 0x000000074d900000|  0%| F|  |TAMS 0x000000074d800000, 0x000000074d800000| Untracked 
| 177|0x000000074d900000, 0x000000074d900000, 0x000000074da00000|  0%| F|  |TAMS 0x000000074d900000, 0x000000074d900000| Untracked 
| 178|0x000000074da00000, 0x000000074da00000, 0x000000074db00000|  0%| F|  |TAMS 0x000000074da00000, 0x000000074da00000| Untracked 
| 179|0x000000074db00000, 0x000000074db00000, 0x000000074dc00000|  0%| F|  |TAMS 0x000000074db00000, 0x000000074db00000| Untracked 
| 180|0x000000074dc00000, 0x000000074dc00000, 0x000000074dd00000|  0%| F|  |TAMS 0x000000074dc00000, 0x000000074dc00000| Untracked 
| 181|0x000000074dd00000, 0x000000074dd00000, 0x000000074de00000|  0%| F|  |TAMS 0x000000074dd00000, 0x000000074dd00000| Untracked 
| 182|0x000000074de00000, 0x000000074de00000, 0x000000074df00000|  0%| F|  |TAMS 0x000000074de00000, 0x000000074de00000| Untracked 
| 183|0x000000074df00000, 0x000000074df00000, 0x000000074e000000|  0%| F|  |TAMS 0x000000074df00000, 0x000000074df00000| Untracked 
| 184|0x000000074e000000, 0x000000074e000000, 0x000000074e100000|  0%| F|  |TAMS 0x000000074e000000, 0x000000074e000000| Untracked 
| 185|0x000000074e100000, 0x000000074e100000, 0x000000074e200000|  0%| F|  |TAMS 0x000000074e100000, 0x000000074e100000| Untracked 
| 186|0x000000074e200000, 0x000000074e200000, 0x000000074e300000|  0%| F|  |TAMS 0x000000074e200000, 0x000000074e200000| Untracked 
| 187|0x000000074e300000, 0x000000074e300000, 0x000000074e400000|  0%| F|  |TAMS 0x000000074e300000, 0x000000074e300000| Untracked 
| 188|0x000000074e400000, 0x000000074e400000, 0x000000074e500000|  0%| F|  |TAMS 0x000000074e400000, 0x000000074e400000| Untracked 
| 189|0x000000074e500000, 0x000000074e500000, 0x000000074e600000|  0%| F|  |TAMS 0x000000074e500000, 0x000000074e500000| Untracked 
| 190|0x000000074e600000, 0x000000074e600000, 0x000000074e700000|  0%| F|  |TAMS 0x000000074e600000, 0x000000074e600000| Untracked 
| 191|0x000000074e700000, 0x000000074e700000, 0x000000074e800000|  0%| F|  |TAMS 0x000000074e700000, 0x000000074e700000| Untracked 
| 192|0x000000074e800000, 0x000000074e800000, 0x000000074e900000|  0%| F|  |TAMS 0x000000074e800000, 0x000000074e800000| Untracked 
| 193|0x000000074e900000, 0x000000074e900000, 0x000000074ea00000|  0%| F|  |TAMS 0x000000074e900000, 0x000000074e900000| Untracked 
| 194|0x000000074ea00000, 0x000000074ea00000, 0x000000074eb00000|  0%| F|  |TAMS 0x000000074ea00000, 0x000000074ea00000| Untracked 
| 195|0x000000074eb00000, 0x000000074eb00000, 0x000000074ec00000|  0%| F|  |TAMS 0x000000074eb00000, 0x000000074eb00000| Untracked 
| 196|0x000000074ec00000, 0x000000074ec00000, 0x000000074ed00000|  0%| F|  |TAMS 0x000000074ec00000, 0x000000074ec00000| Untracked 
| 197|0x000000074ed00000, 0x000000074ed00000, 0x000000074ee00000|  0%| F|  |TAMS 0x000000074ed00000, 0x000000074ed00000| Untracked 
| 198|0x000000074ee00000, 0x000000074ee00000, 0x000000074ef00000|  0%| F|  |TAMS 0x000000074ee00000, 0x000000074ee00000| Untracked 
| 199|0x000000074ef00000, 0x000000074ef00000, 0x000000074f000000|  0%| F|  |TAMS 0x000000074ef00000, 0x000000074ef00000| Untracked 
| 200|0x000000074f000000, 0x000000074f000000, 0x000000074f100000|  0%| F|  |TAMS 0x000000074f000000, 0x000000074f000000| Untracked 
| 201|0x000000074f100000, 0x000000074f100000, 0x000000074f200000|  0%| F|  |TAMS 0x000000074f100000, 0x000000074f100000| Untracked 
| 202|0x000000074f200000, 0x000000074f200000, 0x000000074f300000|  0%| F|  |TAMS 0x000000074f200000, 0x000000074f200000| Untracked 
| 203|0x000000074f300000, 0x000000074f300000, 0x000000074f400000|  0%| F|  |TAMS 0x000000074f300000, 0x000000074f300000| Untracked 
| 204|0x000000074f400000, 0x000000074f400000, 0x000000074f500000|  0%| F|  |TAMS 0x000000074f400000, 0x000000074f400000| Untracked 
| 205|0x000000074f500000, 0x000000074f500000, 0x000000074f600000|  0%| F|  |TAMS 0x000000074f500000, 0x000000074f500000| Untracked 
| 206|0x000000074f600000, 0x000000074f600000, 0x000000074f700000|  0%| F|  |TAMS 0x000000074f600000, 0x000000074f600000| Untracked 
| 207|0x000000074f700000, 0x000000074f700000, 0x000000074f800000|  0%| F|  |TAMS 0x000000074f700000, 0x000000074f700000| Untracked 
| 208|0x000000074f800000, 0x000000074f800000, 0x000000074f900000|  0%| F|  |TAMS 0x000000074f800000, 0x000000074f800000| Untracked 
| 209|0x000000074f900000, 0x000000074f900000, 0x000000074fa00000|  0%| F|  |TAMS 0x000000074f900000, 0x000000074f900000| Untracked 
| 210|0x000000074fa00000, 0x000000074fa00000, 0x000000074fb00000|  0%| F|  |TAMS 0x000000074fa00000, 0x000000074fa00000| Untracked 
| 211|0x000000074fb00000, 0x000000074fb00000, 0x000000074fc00000|  0%| F|  |TAMS 0x000000074fb00000, 0x000000074fb00000| Untracked 
| 212|0x000000074fc00000, 0x000000074fc00000, 0x000000074fd00000|  0%| F|  |TAMS 0x000000074fc00000, 0x000000074fc00000| Untracked 
| 213|0x000000074fd00000, 0x000000074fd00000, 0x000000074fe00000|  0%| F|  |TAMS 0x000000074fd00000, 0x000000074fd00000| Untracked 
| 214|0x000000074fe00000, 0x000000074fe00000, 0x000000074ff00000|  0%| F|  |TAMS 0x000000074fe00000, 0x000000074fe00000| Untracked 
| 215|0x000000074ff00000, 0x000000074ff00000, 0x0000000750000000|  0%| F|  |TAMS 0x000000074ff00000, 0x000000074ff00000| Untracked 
| 216|0x0000000750000000, 0x0000000750000000, 0x0000000750100000|  0%| F|  |TAMS 0x0000000750000000, 0x0000000750000000| Untracked 
| 217|0x0000000750100000, 0x0000000750100000, 0x0000000750200000|  0%| F|  |TAMS 0x0000000750100000, 0x0000000750100000| Untracked 
| 218|0x0000000750200000, 0x0000000750200000, 0x0000000750300000|  0%| F|  |TAMS 0x0000000750200000, 0x0000000750200000| Untracked 
| 219|0x0000000750300000, 0x0000000750300000, 0x0000000750400000|  0%| F|  |TAMS 0x0000000750300000, 0x0000000750300000| Untracked 
| 220|0x0000000750400000, 0x0000000750400000, 0x0000000750500000|  0%| F|  |TAMS 0x0000000750400000, 0x0000000750400000| Untracked 
| 221|0x0000000750500000, 0x0000000750500000, 0x0000000750600000|  0%| F|  |TAMS 0x0000000750500000, 0x0000000750500000| Untracked 
| 222|0x0000000750600000, 0x0000000750600000, 0x0000000750700000|  0%| F|  |TAMS 0x0000000750600000, 0x0000000750600000| Untracked 
| 223|0x0000000750700000, 0x0000000750700000, 0x0000000750800000|  0%| F|  |TAMS 0x0000000750700000, 0x0000000750700000| Untracked 
| 224|0x0000000750800000, 0x0000000750800000, 0x0000000750900000|  0%| F|  |TAMS 0x0000000750800000, 0x0000000750800000| Untracked 
| 225|0x0000000750900000, 0x0000000750900000, 0x0000000750a00000|  0%| F|  |TAMS 0x0000000750900000, 0x0000000750900000| Untracked 
| 226|0x0000000750a00000, 0x0000000750a00000, 0x0000000750b00000|  0%| F|  |TAMS 0x0000000750a00000, 0x0000000750a00000| Untracked 
| 227|0x0000000750b00000, 0x0000000750b00000, 0x0000000750c00000|  0%| F|  |TAMS 0x0000000750b00000, 0x0000000750b00000| Untracked 

Card table byte_map: [0x000001901d740000,0x000001901dd30000] _byte_map_base: 0x0000019019d2c000

Marking Bits (Prev, Next): (CMBitMap*) 0x00000190056ef2e8, (CMBitMap*) 0x00000190056ef320
 Prev Bits: [0x000001901e320000, 0x0000019021280000)
 Next Bits: [0x0000019021280000, 0x00000190241e0000)

Polling page: 0x00000190035f0000

Metaspace:

Usage:
  Non-class:     57.19 MB capacity,    55.72 MB ( 97%) used,     1.18 MB (  2%) free+waste,   299.44 KB ( <1%) overhead. 
      Class:      8.85 MB capacity,     7.84 MB ( 89%) used,   882.51 KB ( 10%) free+waste,   148.06 KB (  2%) overhead. 
       Both:     66.04 MB capacity,    63.56 MB ( 96%) used,     2.04 MB (  3%) free+waste,   447.50 KB ( <1%) overhead. 

Virtual space:
  Non-class space:       66.00 MB reserved,      57.21 MB ( 87%) committed 
      Class space:        1.00 GB reserved,       8.96 MB ( <1%) committed 
             Both:        1.06 GB reserved,      66.16 MB (  6%) committed 

Chunk freelists:
   Non-Class:  14.00 KB
       Class:  0 bytes
        Both:  14.00 KB

MaxMetaspaceSize: 17179869184.00 GB
CompressedClassSpaceSize: 1.00 GB
Initial GC threshold: 20.80 MB
Current GC threshold: 104.35 MB
CDS: off

CodeHeap 'non-profiled nmethods': size=238336Kb used=15488Kb max_used=15488Kb free=222847Kb
 bounds [0x000001900e560000, 0x000001900f490000, 0x000001901ce20000]
CodeHeap 'non-nmethods': size=7424Kb used=1321Kb max_used=1321Kb free=6102Kb
 bounds [0x000001900de20000, 0x000001900e090000, 0x000001900e560000]
 total_blobs=9841 nmethods=9212 adapters=555
 compilation: enabled
              stopped_count=0, restarted_count=0
 full_count=0

Compilation events (20 events):
Event: 674.875 Thread 0x000001902752e800 9203       1       com.mysql.cj.ClientPreparedQuery::getQueryInfo (5 bytes)
Event: 674.876 Thread 0x000001902752e800 nmethod 9203 0x000001900f47ca10 code [0x000001900f47cbc0, 0x000001900f47cc78]
Event: 674.880 Thread 0x000001902752e800 9204       1       org.springframework.util.MimeType::isWildcardSubtype (30 bytes)
Event: 674.880 Thread 0x000001902752e800 nmethod 9204 0x000001900f47cd10 code [0x000001900f47cee0, 0x000001900f47d038]
Event: 674.880 Thread 0x000001902752e800 9205       1       org.apache.coyote.Response::getMimeHeaders (5 bytes)
Event: 674.880 Thread 0x000001902752e800 nmethod 9205 0x000001900f47d110 code [0x000001900f47d2c0, 0x000001900f47d378]
Event: 674.880 Thread 0x000001902752e800 9206       1       org.apache.coyote.http11.Http11OutputBuffer::checkLengthBeforeWrite (38 bytes)
Event: 674.881 Thread 0x000001902752e800 nmethod 9206 0x000001900f47d410 code [0x000001900f47d5e0, 0x000001900f47d758]
Event: 674.881 Thread 0x000001902752e800 9207       1       org.apache.tomcat.util.buf.ByteChunk::getCharset (19 bytes)
Event: 674.881 Thread 0x000001902752e800 nmethod 9207 0x000001900f47d890 code [0x000001900f47da40, 0x000001900f47db78]
Event: 674.881 Thread 0x000001902752e800 9208       1       org.apache.tomcat.util.buf.MessageBytes::toBytes (71 bytes)
Event: 674.882 Thread 0x000001902752e800 nmethod 9208 0x000001900f47dc10 code [0x000001900f47dea0, 0x000001900f47e878]
Event: 674.882 Thread 0x000001902752e800 9209       1       sun.nio.cs.ISO_8859_1$Encoder::encodeLoop (28 bytes)
Event: 674.883 Thread 0x000001902752e800 nmethod 9209 0x000001900f47ee90 code [0x000001900f47f060, 0x000001900f47f1d8]
Event: 674.883 Thread 0x000001902752e800 9210       1       java.nio.CharBuffer::wrap (12 bytes)
Event: 674.883 Thread 0x000001902752e800 nmethod 9210 0x000001900f47f310 code [0x000001900f47f4e0, 0x000001900f47f6c8]
Event: 674.883 Thread 0x000001902752e800 9211       1       java.nio.StringCharBuffer::<init> (61 bytes)
Event: 674.883 Thread 0x000001902752e800 nmethod 9211 0x000001900f47f810 code [0x000001900f47fa00, 0x000001900f47fcb8]
Event: 674.883 Thread 0x000001902752e800 9212       1       java.nio.CharBuffer::<init> (12 bytes)
Event: 674.883 Thread 0x000001902752e800 nmethod 9212 0x000001900f47fe10 code [0x000001900f47ffc0, 0x000001900f4800e8]

GC Heap History (20 events):
Event: 7.070 GC heap before
{Heap before GC invocations=6 (full 0):
 garbage-first heap   total 194560K, used 91781K [0x0000000742800000, 0x0000000800000000)
  region size 1024K, 82 young (83968K), 7 survivors (7168K)
 Metaspace       used 34873K, capacity 35980K, committed 36048K, reserved 1081344K
  class space    used 4335K, capacity 4754K, committed 4820K, reserved 1048576K
}
Event: 7.089 GC heap after
{Heap after GC invocations=7 (full 0):
 garbage-first heap   total 194560K, used 18580K [0x0000000742800000, 0x0000000800000000)
  region size 1024K, 9 young (9216K), 9 survivors (9216K)
 Metaspace       used 34873K, capacity 35980K, committed 36048K, reserved 1081344K
  class space    used 4335K, capacity 4754K, committed 4820K, reserved 1048576K
}
Event: 8.212 GC heap before
{Heap before GC invocations=8 (full 0):
 garbage-first heap   total 194560K, used 115860K [0x0000000742800000, 0x0000000800000000)
  region size 1024K, 104 young (106496K), 9 survivors (9216K)
 Metaspace       used 44585K, capacity 46054K, committed 46416K, reserved 1089536K
  class space    used 5548K, capacity 6108K, committed 6228K, reserved 1048576K
}
Event: 8.223 GC heap after
{Heap after GC invocations=9 (full 0):
 garbage-first heap   total 194560K, used 22772K [0x0000000742800000, 0x0000000800000000)
  region size 1024K, 11 young (11264K), 11 survivors (11264K)
 Metaspace       used 44585K, capacity 46054K, committed 46416K, reserved 1089536K
  class space    used 5548K, capacity 6108K, committed 6228K, reserved 1048576K
}
Event: 9.205 GC heap before
{Heap before GC invocations=9 (full 0):
 garbage-first heap   total 194560K, used 128244K [0x0000000742800000, 0x0000000800000000)
  region size 1024K, 114 young (116736K), 11 survivors (11264K)
 Metaspace       used 47027K, capacity 48559K, committed 48720K, reserved 1091584K
  class space    used 5855K, capacity 6459K, committed 6484K, reserved 1048576K
}
Event: 9.214 GC heap after
{Heap after GC invocations=10 (full 0):
 garbage-first heap   total 194560K, used 25954K [0x0000000742800000, 0x0000000800000000)
  region size 1024K, 11 young (11264K), 11 survivors (11264K)
 Metaspace       used 47027K, capacity 48559K, committed 48720K, reserved 1091584K
  class space    used 5855K, capacity 6459K, committed 6484K, reserved 1048576K
}
Event: 9.515 GC heap before
{Heap before GC invocations=10 (full 0):
 garbage-first heap   total 194560K, used 131426K [0x0000000742800000, 0x0000000800000000)
  region size 1024K, 114 young (116736K), 11 survivors (11264K)
 Metaspace       used 47947K, capacity 49496K, committed 49616K, reserved 1091584K
  class space    used 5907K, capacity 6541K, committed 6612K, reserved 1048576K
}
Event: 9.525 GC heap after
{Heap after GC invocations=11 (full 0):
 garbage-first heap   total 194560K, used 27836K [0x0000000742800000, 0x0000000800000000)
  region size 1024K, 10 young (10240K), 10 survivors (10240K)
 Metaspace       used 47947K, capacity 49496K, committed 49616K, reserved 1091584K
  class space    used 5907K, capacity 6541K, committed 6612K, reserved 1048576K
}
Event: 10.103 GC heap before
{Heap before GC invocations=11 (full 0):
 garbage-first heap   total 194560K, used 134332K [0x0000000742800000, 0x0000000800000000)
  region size 1024K, 114 young (116736K), 10 survivors (10240K)
 Metaspace       used 52315K, capacity 54127K, committed 54352K, reserved 1095680K
  class space    used 6432K, capacity 7159K, committed 7252K, reserved 1048576K
}
Event: 10.111 GC heap after
{Heap after GC invocations=12 (full 0):
 garbage-first heap   total 194560K, used 31723K [0x0000000742800000, 0x0000000800000000)
  region size 1024K, 10 young (10240K), 10 survivors (10240K)
 Metaspace       used 52315K, capacity 54127K, committed 54352K, reserved 1095680K
  class space    used 6432K, capacity 7159K, committed 7252K, reserved 1048576K
}
Event: 10.957 GC heap before
{Heap before GC invocations=12 (full 0):
 garbage-first heap   total 194560K, used 138219K [0x0000000742800000, 0x0000000800000000)
  region size 1024K, 114 young (116736K), 10 survivors (10240K)
 Metaspace       used 56771K, capacity 59062K, committed 59344K, reserved 1099776K
  class space    used 7123K, capacity 8039K, committed 8148K, reserved 1048576K
}
Event: 10.967 GC heap after
{Heap after GC invocations=13 (full 0):
 garbage-first heap   total 194560K, used 36760K [0x0000000742800000, 0x0000000800000000)
  region size 1024K, 11 young (11264K), 11 survivors (11264K)
 Metaspace       used 56771K, capacity 59062K, committed 59344K, reserved 1099776K
  class space    used 7123K, capacity 8039K, committed 8148K, reserved 1048576K
}
Event: 11.469 GC heap before
{Heap before GC invocations=13 (full 0):
 garbage-first heap   total 194560K, used 142232K [0x0000000742800000, 0x0000000800000000)
  region size 1024K, 114 young (116736K), 11 survivors (11264K)
 Metaspace       used 56904K, capacity 59245K, committed 59344K, reserved 1099776K
  class space    used 7133K, capacity 8052K, committed 8148K, reserved 1048576K
}
Event: 11.479 GC heap after
{Heap after GC invocations=14 (full 0):
 garbage-first heap   total 233472K, used 39808K [0x0000000742800000, 0x0000000800000000)
  region size 1024K, 8 young (8192K), 8 survivors (8192K)
 Metaspace       used 56904K, capacity 59245K, committed 59344K, reserved 1099776K
  class space    used 7133K, capacity 8052K, committed 8148K, reserved 1048576K
}
Event: 11.642 GC heap before
{Heap before GC invocations=14 (full 0):
 garbage-first heap   total 233472K, used 58240K [0x0000000742800000, 0x0000000800000000)
  region size 1024K, 27 young (27648K), 8 survivors (8192K)
 Metaspace       used 57919K, capacity 60358K, committed 60496K, reserved 1101824K
  class space    used 7275K, capacity 8232K, committed 8276K, reserved 1048576K
}
Event: 11.651 GC heap after
{Heap after GC invocations=15 (full 0):
 garbage-first heap   total 233472K, used 40085K [0x0000000742800000, 0x0000000800000000)
  region size 1024K, 8 young (8192K), 8 survivors (8192K)
 Metaspace       used 57919K, capacity 60358K, committed 60496K, reserved 1101824K
  class space    used 7275K, capacity 8232K, committed 8276K, reserved 1048576K
}
Event: 393.477 GC heap before
{Heap before GC invocations=16 (full 0):
 garbage-first heap   total 233472K, used 171157K [0x0000000742800000, 0x0000000800000000)
  region size 1024K, 136 young (139264K), 8 survivors (8192K)
 Metaspace       used 61281K, capacity 63757K, committed 63912K, reserved 1103872K
  class space    used 7606K, capacity 8598K, committed 8660K, reserved 1048576K
}
Event: 393.537 GC heap after
{Heap after GC invocations=17 (full 0):
 garbage-first heap   total 233472K, used 42133K [0x0000000742800000, 0x0000000800000000)
  region size 1024K, 10 young (10240K), 10 survivors (10240K)
 Metaspace       used 61281K, capacity 63757K, committed 63912K, reserved 1103872K
  class space    used 7606K, capacity 8598K, committed 8660K, reserved 1048576K
}
Event: 674.884 GC heap before
{Heap before GC invocations=18 (full 0):
 garbage-first heap   total 233472K, used 162965K [0x0000000742800000, 0x0000000800000000)
  region size 1024K, 130 young (133120K), 10 survivors (10240K)
 Metaspace       used 65086K, capacity 67628K, committed 67752K, reserved 1114112K
  class space    used 8031K, capacity 9062K, committed 9172K, reserved 1048576K
}
Event: 674.902 GC heap after
{Heap after GC invocations=19 (full 0):
 garbage-first heap   total 233472K, used 44114K [0x0000000742800000, 0x0000000800000000)
  region size 1024K, 8 young (8192K), 8 survivors (8192K)
 Metaspace       used 65086K, capacity 67628K, committed 67752K, reserved 1114112K
  class space    used 8031K, capacity 9062K, committed 9172K, reserved 1048576K
}

Deoptimization events (14 events):
Event: 7.954 Thread 0x0000019028d24000 DEOPT PACKING pc=0x000001900e6f6c34 sp=0x00000089ca9fa920
Event: 7.954 Thread 0x0000019028d24000 DEOPT UNPACKING pc=0x000001900de6a95e sp=0x00000089ca9f9e38 mode 0
Event: 8.894 Thread 0x0000019028d24000 DEOPT PACKING pc=0x000001900e8689fb sp=0x00000089ca9fc530
Event: 8.894 Thread 0x0000019028d24000 DEOPT UNPACKING pc=0x000001900de6a95e sp=0x00000089ca9fba38 mode 3
Event: 9.922 Thread 0x0000019028d24000 DEOPT PACKING pc=0x000001900ef6b86c sp=0x00000089ca9fcd20
Event: 9.922 Thread 0x0000019028d24000 DEOPT UNPACKING pc=0x000001900de6a95e sp=0x00000089ca9fc240 mode 0
Event: 9.922 Thread 0x0000019028d24000 DEOPT PACKING pc=0x000001900ef9bc6c sp=0x00000089ca9fd7b0
Event: 9.922 Thread 0x0000019028d24000 DEOPT UNPACKING pc=0x000001900de6a95e sp=0x00000089ca9fcbb8 mode 0
Event: 9.922 Thread 0x0000019028d24000 DEOPT PACKING pc=0x000001900ef6e8fc sp=0x00000089ca9fdba0
Event: 9.922 Thread 0x0000019028d24000 DEOPT UNPACKING pc=0x000001900de6a95e sp=0x00000089ca9fd218 mode 0
Event: 9.922 Thread 0x0000019028d24000 DEOPT PACKING pc=0x000001900ef6b86c sp=0x00000089ca9fde30
Event: 9.922 Thread 0x0000019028d24000 DEOPT UNPACKING pc=0x000001900de6a95e sp=0x00000089ca9fd350 mode 0
Event: 9.997 Thread 0x0000019028d24000 DEOPT PACKING pc=0x000001900eaeac6c sp=0x00000089ca9fdaf0
Event: 9.997 Thread 0x0000019028d24000 DEOPT UNPACKING pc=0x000001900de6a95e sp=0x00000089ca9fd0b0 mode 0

Classes redefined (0 events):
No events

Internal exceptions (20 events):
Event: 10.422 Thread 0x0000019028d24000 Exception <a 'java/lang/NoSuchMethodError'{0x000000074c84bb88}: 'java.lang.Object java.lang.invoke.DirectMethodHandle$Holder.invokeSpecial(java.lang.Object, java.lang.Object, java.lang.Object, int, java.lang.Object, int)'> (0x000000074c84bb88) thrown at [s\src\hotspot\share\interpreter\linkResolver.cpp, line 773]
Event: 10.423 Thread 0x0000019028d24000 Exception <a 'java/lang/NoSuchMethodError'{0x000000074c857ae8}: 'void java.lang.invoke.DirectMethodHandle$Holder.invokeVirtual(java.lang.Object, java.lang.Object)'> (0x000000074c857ae8) thrown at [s\src\hotspot\share\interpreter\linkResolver.cpp, line 773]
Event: 10.549 Thread 0x0000019028d24000 Exception <a 'java/lang/NoSuchMethodError'{0x000000074add01f8}: 'java.lang.Object java.lang.invoke.Invokers$Holder.linkToTargetMethod(java.lang.Object, java.lang.Object, java.lang.Object, java.lang.Object, java.lang.Object, java.lang.Object, java.lang.Object)'> (0x000000074add01f8) thrown at [s\src\hotspot\share\interpreter\linkResolver.cpp, line 773]
Event: 10.589 Thread 0x0000019028d24000 Exception <a 'java/lang/NoSuchMethodError'{0x000000074aaddf98}: 'int java.lang.invoke.DirectMethodHandle$Holder.invokeVirtual(java.lang.Object, java.lang.Object, java.lang.Object)'> (0x000000074aaddf98) thrown at [s\src\hotspot\share\interpreter\linkResolver.cpp, line 773]
Event: 10.594 Thread 0x0000019028d24000 Exception <a 'java/lang/NoSuchMethodError'{0x000000074a981480}: 'java.lang.Object java.lang.invoke.DirectMethodHandle$Holder.invokeStatic(java.lang.Object, java.lang.Object, java.lang.Object, int)'> (0x000000074a981480) thrown at [s\src\hotspot\share\interpreter\linkResolver.cpp, line 773]
Event: 10.594 Thread 0x0000019028d24000 Exception <a 'java/lang/NoSuchMethodError'{0x000000074a984e48}: 'java.lang.Object java.lang.invoke.DirectMethodHandle$Holder.invokeSpecial(java.lang.Object, java.lang.Object, java.lang.Object, java.lang.Object, int)'> (0x000000074a984e48) thrown at [s\src\hotspot\share\interpreter\linkResolver.cpp, line 773]
Event: 10.595 Thread 0x0000019028d24000 Exception <a 'java/lang/NoSuchMethodError'{0x000000074a987eb0}: 'java.lang.Object java.lang.invoke.Invokers$Holder.linkToTargetMethod(java.lang.Object, java.lang.Object, int, java.lang.Object)'> (0x000000074a987eb0) thrown at [s\src\hotspot\share\interpreter\linkResolver.cpp, line 773]
Event: 11.532 Thread 0x0000019028d24000 Exception <a 'java/lang/ClassNotFoundException'{0x0000000750256f60}: com/advisor/dto/voice/VoiceAnalysisDTOBeanInfo> (0x0000000750256f60) thrown at [s\src\hotspot\share\classfile\systemDictionary.cpp, line 230]
Event: 11.532 Thread 0x0000019028d24000 Exception <a 'java/lang/ClassNotFoundException'{0x00000007502589e8}: java/lang/ObjectBeanInfo> (0x00000007502589e8) thrown at [s\src\hotspot\share\classfile\systemDictionary.cpp, line 230]
Event: 11.532 Thread 0x0000019028d24000 Exception <a 'java/lang/ClassNotFoundException'{0x000000075025a438}: java/lang/ObjectCustomizer> (0x000000075025a438) thrown at [s\src\hotspot\share\classfile\systemDictionary.cpp, line 230]
Event: 11.533 Thread 0x0000019028d24000 Exception <a 'java/lang/ClassNotFoundException'{0x00000007502756a8}: com/advisor/dto/voice/VoiceAnalysisDTOCustomizer> (0x00000007502756a8) thrown at [s\src\hotspot\share\classfile\systemDictionary.cpp, line 230]
Event: 11.590 Thread 0x0000019028d24000 Exception <a 'java/lang/NoSuchMethodError'{0x000000074fedec00}: 'java.lang.Object java.lang.invoke.DirectMethodHandle$Holder.invokeSpecialIFC(java.lang.Object, java.lang.Object, java.lang.Object)'> (0x000000074fedec00) thrown at [s\src\hotspot\share\interpreter\linkResolver.cpp, line 773]
Event: 11.590 Thread 0x0000019028d24000 Exception <a 'java/lang/NoSuchMethodError'{0x000000074fee22a8}: 'java.lang.Object java.lang.invoke.Invokers$Holder.invoker(java.lang.Object, java.lang.Object, java.lang.Object)'> (0x000000074fee22a8) thrown at [s\src\hotspot\share\interpreter\linkResolver.cpp, line 773]
Event: 11.591 Thread 0x0000019028d24000 Exception <a 'java/lang/NoSuchMethodError'{0x000000074feed038}: 'java.lang.Object java.lang.invoke.DirectMethodHandle$Holder.invokeSpecialIFC(java.lang.Object, java.lang.Object, java.lang.Object, int)'> (0x000000074feed038) thrown at [s\src\hotspot\share\interpreter\linkResolver.cpp, line 773]
Event: 11.620 Thread 0x0000019028d24000 Exception <a 'java/lang/ClassNotFoundException'{0x000000074fb22228}: java/util/MapBeanInfo> (0x000000074fb22228) thrown at [s\src\hotspot\share\classfile\systemDictionary.cpp, line 230]
Event: 11.620 Thread 0x0000019028d24000 Exception <a 'java/lang/ClassNotFoundException'{0x000000074fb24430}: java/util/MapCustomizer> (0x000000074fb24430) thrown at [s\src\hotspot\share\classfile\systemDictionary.cpp, line 230]
Event: 11.915 Thread 0x0000019028d24000 Exception <a 'java/lang/NoSuchMethodError'{0x000000074f902e68}: 'java.lang.Object java.lang.invoke.DirectMethodHandle$Holder.invokeStaticInit(java.lang.Object, java.lang.Object, java.lang.Object, java.lang.Object)'> (0x000000074f902e68) thrown at [s\src\hotspot\share\interpreter\linkResolver.cpp, line 773]
Event: 662.783 Thread 0x000001902b21e800 Exception <a 'sun/nio/fs/WindowsException'{0x000000074b62f0a0}> (0x000000074b62f0a0) thrown at [s\src\hotspot\share\prims\jni.cpp, line 617]
Event: 662.803 Thread 0x000001902b21e800 Exception <a 'java/lang/NoClassDefFoundError'{0x000000074b690150}: sun/reflect/Reflection> (0x000000074b690150) thrown at [s\src\hotspot\share\classfile\systemDictionary.cpp, line 219]
Event: 664.574 Thread 0x000001902b21f000 Exception <a 'java/lang/NoSuchMethodError'{0x000000074a6e6940}: 'void java.lang.invoke.DirectMethodHandle$Holder.invokeSpecialIFC(java.lang.Object, java.lang.Object, java.lang.Object, java.lang.Object, java.lang.Object, java.lang.Object)'> (0x000000074a6e6940) thrown at [s\src\hotspot\share\interpreter\linkResolver.cpp, line 773]

Events (20 events):
Event: 674.864 loading class java/lang/NumberFormatException done
Event: 674.869 Executing VM operation: RevokeBias
Event: 674.869 Executing VM operation: RevokeBias done
Event: 674.873 loading class com/mysql/cj/exceptions/MysqlErrorNumbers
Event: 674.873 loading class com/mysql/cj/exceptions/MysqlErrorNumbers done
Event: 674.878 Executing VM operation: BulkRevokeBias
Event: 674.879 Executing VM operation: BulkRevokeBias done
Event: 674.881 loading class com/mysql/cj/exceptions/ExceptionFactory
Event: 674.881 loading class com/mysql/cj/exceptions/ExceptionFactory done
Event: 674.881 Executing VM operation: RevokeBias
Event: 674.882 Executing VM operation: RevokeBias done
Event: 674.882 Executing VM operation: RevokeBias
Event: 674.882 Executing VM operation: RevokeBias done
Event: 674.882 loading class com/mysql/cj/exceptions/CJException
Event: 674.882 loading class com/mysql/cj/exceptions/CJException done
Event: 674.883 loading class com/mysql/cj/exceptions/CJCommunicationsException
Event: 674.883 loading class com/mysql/cj/exceptions/CJCommunicationsException done
Event: 674.883 loading class com/mysql/cj/jdbc/exceptions/SQLExceptionsMapping
Event: 674.883 loading class com/mysql/cj/jdbc/exceptions/SQLExceptionsMapping done
Event: 674.884 Executing VM operation: CollectForMetadataAllocation


Dynamic libraries:
0x00007ff6a9750000 - 0x00007ff6a975e000 	D:\javajdk-11\bin\java.exe
0x00007ffd21170000 - 0x00007ffd21387000 	C:\WINDOWS\SYSTEM32\ntdll.dll
0x00007ffd1f720000 - 0x00007ffd1f7e4000 	C:\WINDOWS\System32\KERNEL32.DLL
0x00007ffd1e990000 - 0x00007ffd1ed63000 	C:\WINDOWS\System32\KERNELBASE.dll
0x00007ffd1e5e0000 - 0x00007ffd1e6f1000 	C:\WINDOWS\System32\ucrtbase.dll
0x00007ffd17a00000 - 0x00007ffd17a1b000 	D:\javajdk-11\bin\VCRUNTIME140.dll
0x00007ffd17610000 - 0x00007ffd17627000 	D:\javajdk-11\bin\jli.dll
0x00007ffd1f7f0000 - 0x00007ffd1f9a1000 	C:\WINDOWS\System32\USER32.dll
0x00007ffd1e3f0000 - 0x00007ffd1e416000 	C:\WINDOWS\System32\win32u.dll
0x00007ffd1ee10000 - 0x00007ffd1ee39000 	C:\WINDOWS\System32\GDI32.dll
0x00007ffd0a040000 - 0x00007ffd0a2d8000 	C:\WINDOWS\WinSxS\amd64_microsoft.windows.common-controls_6595b64144ccf1df_6.0.22621.5124_none_270e8f4f7386d69d\COMCTL32.dll
0x00007ffd1e870000 - 0x00007ffd1e98b000 	C:\WINDOWS\System32\gdi32full.dll
0x00007ffd1ed70000 - 0x00007ffd1ee0a000 	C:\WINDOWS\System32\msvcp_win.dll
0x00007ffd20510000 - 0x00007ffd205b7000 	C:\WINDOWS\System32\msvcrt.dll
0x00007ffd20d50000 - 0x00007ffd20d81000 	C:\WINDOWS\System32\IMM32.DLL
0x00007ffd170c0000 - 0x00007ffd170cc000 	D:\javajdk-11\bin\vcruntime140_1.dll
0x00007ffced010000 - 0x00007ffced09d000 	D:\javajdk-11\bin\msvcp140.dll
0x00007ffcc90b0000 - 0x00007ffcc9c75000 	D:\javajdk-11\bin\server\jvm.dll
0x00007ffd1f0c0000 - 0x00007ffd1f171000 	C:\WINDOWS\System32\ADVAPI32.dll
0x00007ffd20330000 - 0x00007ffd203d8000 	C:\WINDOWS\System32\sechost.dll
0x00007ffd1e700000 - 0x00007ffd1e728000 	C:\WINDOWS\System32\bcrypt.dll
0x00007ffd1f390000 - 0x00007ffd1f4a4000 	C:\WINDOWS\System32\RPCRT4.dll
0x00007ffd1f040000 - 0x00007ffd1f0b1000 	C:\WINDOWS\System32\WS2_32.dll
0x00007ffd1f030000 - 0x00007ffd1f038000 	C:\WINDOWS\System32\PSAPI.DLL
0x00007ffd14d90000 - 0x00007ffd14dc4000 	C:\WINDOWS\SYSTEM32\WINMM.dll
0x00007ffd19cf0000 - 0x00007ffd19cfa000 	C:\WINDOWS\SYSTEM32\VERSION.dll
0x00007ffd1d3a0000 - 0x00007ffd1d3b8000 	C:\WINDOWS\SYSTEM32\kernel.appcore.dll
0x00007ffd170b0000 - 0x00007ffd170c0000 	D:\javajdk-11\bin\verify.dll
0x00007ffd03eb0000 - 0x00007ffd040e2000 	C:\WINDOWS\SYSTEM32\DBGHELP.DLL
0x00007ffd20d90000 - 0x00007ffd21122000 	C:\WINDOWS\System32\combase.dll
0x00007ffd1f9b0000 - 0x00007ffd1fa87000 	C:\WINDOWS\System32\OLEAUT32.dll
0x00007ffd02f30000 - 0x00007ffd02f62000 	C:\WINDOWS\SYSTEM32\dbgcore.DLL
0x00007ffd1e560000 - 0x00007ffd1e5db000 	C:\WINDOWS\System32\bcryptPrimitives.dll
0x00007ffd09ae0000 - 0x00007ffd09b08000 	D:\javajdk-11\bin\java.dll
0x00007ffd16d30000 - 0x00007ffd16d3a000 	D:\javajdk-11\bin\jimage.dll
0x00007ffd16960000 - 0x00007ffd1696e000 	D:\javajdk-11\bin\instrument.dll
0x00007ffd13b90000 - 0x00007ffd13ba8000 	D:\javajdk-11\bin\zip.dll
0x00007ffd1fa90000 - 0x00007ffd20326000 	C:\WINDOWS\System32\SHELL32.dll
0x00007ffd1e730000 - 0x00007ffd1e86f000 	C:\WINDOWS\System32\wintypes.dll
0x00007ffd1c1a0000 - 0x00007ffd1caba000 	C:\WINDOWS\SYSTEM32\windows.storage.dll
0x00007ffd1f4b0000 - 0x00007ffd1f5ba000 	C:\WINDOWS\System32\SHCORE.dll
0x00007ffd20ad0000 - 0x00007ffd20b33000 	C:\WINDOWS\System32\shlwapi.dll
0x00007ffd1e1b0000 - 0x00007ffd1e1db000 	C:\WINDOWS\SYSTEM32\profapi.dll
0x00007ffd08250000 - 0x00007ffd08269000 	D:\javajdk-11\bin\net.dll
0x00007ffd19f60000 - 0x00007ffd1a08c000 	C:\WINDOWS\SYSTEM32\WINHTTP.dll
0x00007ffd1d820000 - 0x00007ffd1d88a000 	C:\WINDOWS\system32\mswsock.dll
0x00007ffd08200000 - 0x00007ffd08212000 	D:\javajdk-11\bin\nio.dll
0x00007ffd081e0000 - 0x00007ffd081fa000 	E:\IDEA\IntelliJ IDEA 2023.2.3\bin\breakgen64.dll
0x00007ffd1cd90000 - 0x00007ffd1ce92000 	C:\WINDOWS\SYSTEM32\DNSAPI.dll
0x00007ffd1cd20000 - 0x00007ffd1cd4d000 	C:\WINDOWS\SYSTEM32\IPHLPAPI.DLL
0x00007ffd1f220000 - 0x00007ffd1f229000 	C:\WINDOWS\System32\NSI.dll
0x00007ffd16970000 - 0x00007ffd1697a000 	C:\Windows\System32\rasadhlp.dll
0x00007ffd177a0000 - 0x00007ffd17823000 	C:\WINDOWS\System32\fwpuclnt.dll
0x00007ffd16870000 - 0x00007ffd16879000 	D:\javajdk-11\bin\management.dll
0x00007ffd08240000 - 0x00007ffd0824b000 	D:\javajdk-11\bin\management_ext.dll
0x00007ffd1da80000 - 0x00007ffd1da9b000 	C:\WINDOWS\SYSTEM32\CRYPTSP.dll
0x00007ffd1d300000 - 0x00007ffd1d337000 	C:\WINDOWS\system32\rsaenh.dll
0x00007ffd1d910000 - 0x00007ffd1d938000 	C:\WINDOWS\SYSTEM32\USERENV.dll
0x00007ffd1da70000 - 0x00007ffd1da7c000 	C:\WINDOWS\SYSTEM32\CRYPTBASE.dll
0x00007ffd19f40000 - 0x00007ffd19f59000 	C:\WINDOWS\SYSTEM32\dhcpcsvc6.DLL
0x00007ffd19f00000 - 0x00007ffd19f1f000 	C:\WINDOWS\SYSTEM32\dhcpcsvc.DLL
0x00007ffcf5fd0000 - 0x00007ffcf5fe7000 	C:\WINDOWS\system32\napinsp.dll
0x00007ffcfd3e0000 - 0x00007ffcfd3fb000 	C:\WINDOWS\system32\pnrpnsp.dll
0x00007ffcfd3c0000 - 0x00007ffcfd3d1000 	C:\WINDOWS\System32\winrnr.dll
0x00007ffd19cd0000 - 0x00007ffd19ce5000 	C:\WINDOWS\system32\wshbth.dll
0x00007ffcfd390000 - 0x00007ffcfd3b7000 	C:\WINDOWS\system32\nlansp_c.dll
0x00007ffcf9550000 - 0x00007ffcf955e000 	D:\javajdk-11\bin\sunmscapi.dll
0x00007ffd1e280000 - 0x00007ffd1e3e7000 	C:\WINDOWS\System32\CRYPT32.dll
0x00007ffd1dc10000 - 0x00007ffd1dc3d000 	C:\WINDOWS\SYSTEM32\ncrypt.dll
0x00007ffd1dbd0000 - 0x00007ffd1dc07000 	C:\WINDOWS\SYSTEM32\NTASN1.dll
0x00007ffcf8eb0000 - 0x00007ffcf8ed7000 	D:\javajdk-11\bin\sunec.dll

dbghelp: loaded successfully - version: 4.0.5 - missing functions: none
symbol engine: initialized successfully - sym options: 0x614 - pdb path: .;D:\javajdk-11\bin;C:\WINDOWS\SYSTEM32;C:\WINDOWS\WinSxS\amd64_microsoft.windows.common-controls_6595b64144ccf1df_6.0.22621.5124_none_270e8f4f7386d69d;D:\javajdk-11\bin\server;E:\IDEA\IntelliJ IDEA 2023.2.3\bin

VM Arguments:
jvm_args: -XX:TieredStopAtLevel=1 -Xverify:none -Dspring.output.ansi.enabled=always -Dcom.sun.management.jmxremote -Dspring.jmx.enabled=true -Dspring.liveBeansView.mbeanDomain -Dspring.application.admin.enabled=true -Dmanagement.endpoints.jmx.exposure.include=* -javaagent:E:\IDEA\IntelliJ IDEA 2023.2.3\lib\idea_rt.jar=12393:E:\IDEA\IntelliJ IDEA 2023.2.3\bin -Dfile.encoding=UTF-8 
java_command: com.advisor.Demo1Application
java_class_path (initial): D:\cursorworkplace\demo1\target\classes;D:\apache-maven-3.6.1-bin\apache-maven-3.6.1\mvn_repo\org\springframework\boot\spring-boot-starter-web\2.6.13\spring-boot-starter-web-2.6.13.jar;D:\apache-maven-3.6.1-bin\apache-maven-3.6.1\mvn_repo\org\springframework\boot\spring-boot-starter\2.6.13\spring-boot-starter-2.6.13.jar;D:\apache-maven-3.6.1-bin\apache-maven-3.6.1\mvn_repo\org\springframework\boot\spring-boot-starter-logging\2.6.13\spring-boot-starter-logging-2.6.13.jar;D:\apache-maven-3.6.1-bin\apache-maven-3.6.1\mvn_repo\ch\qos\logback\logback-classic\1.2.11\logback-classic-1.2.11.jar;D:\apache-maven-3.6.1-bin\apache-maven-3.6.1\mvn_repo\ch\qos\logback\logback-core\1.2.11\logback-core-1.2.11.jar;D:\apache-maven-3.6.1-bin\apache-maven-3.6.1\mvn_repo\org\apache\logging\log4j\log4j-to-slf4j\2.17.2\log4j-to-slf4j-2.17.2.jar;D:\apache-maven-3.6.1-bin\apache-maven-3.6.1\mvn_repo\org\apache\logging\log4j\log4j-api\2.17.2\log4j-api-2.17.2.jar;D:\apache-maven-3.6.1-bin\apache-maven-3.6.1\mvn_repo\org\slf4j\jul-to-slf4j\1.7.36\jul-to-slf4j-1.7.36.jar;D:\apache-maven-3.6.1-bin\apache-maven-3.6.1\mvn_repo\jakarta\annotation\jakarta.annotation-api\1.3.5\jakarta.annotation-api-1.3.5.jar;D:\apache-maven-3.6.1-bin\apache-maven-3.6.1\mvn_repo\org\yaml\snakeyaml\1.29\snakeyaml-1.29.jar;D:\apache-maven-3.6.1-bin\apache-maven-3.6.1\mvn_repo\org\springframework\boot\spring-boot-starter-json\2.6.13\spring-boot-starter-json-2.6.13.jar;D:\apache-maven-3.6.1-bin\apache-maven-3.6.1\mvn_repo\com\fasterxml\jackson\datatype\jackson-datatype-jdk8\2.13.4\jackson-datatype-jdk8-2.13.4.jar;D:\apache-maven-3.6.1-bin\apache-maven-3.6.1\mvn_repo\com\fasterxml\jackson\datatype\jackson-datatype-jsr310\2.13.4\jackson-datatype-jsr310-2.13.4.jar;D:\apache-maven-3.6.1-bin\apache-maven-3.6.1\mvn_repo\com\fasterxml\jackson\module\jackson-module-parameter-names\2.13.4\jackson-module-parameter-names-2.13.4.jar;D:\apache-maven-3.6.1-bin\apache-maven-3.6.1\mvn_repo\org\springframewor
Launcher Type: SUN_STANDARD

[Global flags]
     bool BytecodeVerificationLocal                = false                                     {product} {command line}
     bool BytecodeVerificationRemote               = false                                     {product} {command line}
     intx CICompilerCount                          = 4                                         {product} {ergonomic}
     uint ConcGCThreads                            = 2                                         {product} {ergonomic}
     uint G1ConcRefinementThreads                  = 8                                         {product} {ergonomic}
   size_t G1HeapRegionSize                         = 1048576                                   {product} {ergonomic}
    uintx GCDrainStackTargetSize                   = 64                                        {product} {ergonomic}
   size_t InitialHeapSize                          = 199229440                                 {product} {ergonomic}
     bool ManagementServer                         = true                                      {product} {command line}
   size_t MarkStackSize                            = 4194304                                   {product} {ergonomic}
   size_t MaxHeapSize                              = 3179282432                                {product} {ergonomic}
   size_t MaxNewSize                               = 1907359744                                {product} {ergonomic}
   size_t MinHeapDeltaBytes                        = 1048576                                   {product} {ergonomic}
    uintx NonNMethodCodeHeapSize                   = 7549744                                {pd product} {ergonomic}
    uintx NonProfiledCodeHeapSize                  = 244108496                              {pd product} {ergonomic}
    uintx ProfiledCodeHeapSize                     = 0                                      {pd product} {ergonomic}
    uintx ReservedCodeCacheSize                    = 251658240                              {pd product} {ergonomic}
     bool SegmentedCodeCache                       = true                                      {product} {ergonomic}
     intx TieredStopAtLevel                        = 1                                         {product} {command line}
     bool UseCompressedClassPointers               = true                                 {lp64_product} {ergonomic}
     bool UseCompressedOops                        = true                                 {lp64_product} {ergonomic}
     bool UseG1GC                                  = true                                      {product} {ergonomic}
     bool UseLargePagesIndividualAllocation        = false                                  {pd product} {ergonomic}

Logging:
Log output configuration:
 #0: stdout all=warning uptime,level,tags
 #1: stderr all=off uptime,level,tags

Environment Variables:
JAVA_HOME=D:\java1.8
PATH=D:\vmware\bin\;D:\java1.8\bin;D:\java1.8\jre\bin;C:\Windows\system32;C:\Windows;C:\Windows\System32\Wbem;C:\Windows\System32\WindowsPowerShell\v1.0\;C:\Windows\System32\OpenSSH\;C:\Program Files (x86)\NVIDIA Corporation\PhysX\Common;C:\WINDOWS\system32;C:\WINDOWS;C:\WINDOWS\System32\Wbem;C:\WINDOWS\System32\WindowsPowerShell\v1.0\;C:\WINDOWS\System32\OpenSSH\;C:\Program Files\VanDyke Software\SecureCRT\;C:\Program Files\dotnet\;E:\mysql-9.0.0-winx64\mysql-9.0.0-winx64\bin;D:\rose\common;D:\apache-maven-3.6.1-bin\apache-maven-3.6.1\bin;D:\Git\cmd;D:\web\dll;C:\Program Files\Common Files\Oracle\Java\javapath;D:\nvm;E:\nodejs;D:\nvm;E:\cmake\bin;E:\Postsql15\bin;D:\py310\Scripts\;D:\py310\;D:\java1.8\bin;C:\Users\lenovo\AppData\Local\Microsoft\WindowsApps;E:\IntelliJ IDEA 2023.2.3\bin;;E:\Microsoft VS Code\bin;C:\Users\lenovo\AppData\Roaming\npm;D:\pycharm\PyCharm 2024.3.1\bin;;D:\nvm;E:\nodejs;D:\anaconda;D:\anaconda\Scripts;D:\anacond\Library\bin;D:\anaconda\Library\mingw-w64\bin;D:\anaconda\Library\usr\bin;D:\pycharm\PyCharm Community Edition\bin;;E:\cursor\resources\app\bin;C:\Users\lenovo\AppData\Local\GitHubDesktop\bin
USERNAME=nowsay my name
OS=Windows_NT
PROCESSOR_IDENTIFIER=Intel64 Family 6 Model 142 Stepping 12, GenuineIntel
TMP=C:\Users\lenovo\AppData\Local\Temp
TEMP=C:\Users\lenovo\AppData\Local\Temp



---------------  S Y S T E M  ---------------

OS: Windows 11 , 64 bit Build 22621 (10.0.22621.5124)
OS uptime: 0 days 2:02 hours

CPU:total 8 (initial active 8) (4 cores per cpu, 2 threads per core) family 6 model 142 stepping 12 microcode 0xea, cmov, cx8, fxsr, mmx, sse, sse2, sse3, ssse3, sse4.1, sse4.2, popcnt, avx, avx2, aes, clmul, erms, 3dnowpref, lzcnt, ht, tsc, tscinvbit, bmi1, bmi2, adx, fma

Memory: 4k page, system-wide physical 12121M (1399M free)
TotalPageFile size 24409M (AvailPageFile size 0M)
current process WorkingSet (physical memory assigned to process): 258M, peak: 333M
current process commit charge ("private bytes"): 424M, peak: 425M

vm_info: OpenJDK 64-Bit Server VM (11.0.25+9-LTS) for windows-amd64 JRE (11.0.25+9-LTS), built on Oct 10 2024 00:01:59 by "Administrator" with MS VC++ 16.10 / 16.11 (VS2019)

END.
